<?xml version="1.0" encoding="UTF-8"?>
<robot generator="Robot 3.1.2 (Python 3.6.3 on win32)" generated="20190814 12:06:16.762" rpa="false">
<suite id="s1" name="MyFirsttest" source="D:\Garima_Eclipse_Robot_Workspace\MyFirstProject\test\MyFirsttest.robot">
<kw name="Log" library="BuiltIn" type="setup">
<doc>Logs the given message with the given level.</doc>
<arguments>
<arg>this will run before suite one time</arg>
</arguments>
<msg timestamp="20190814 12:06:17.330" level="INFO">this will run before suite one time</msg>
<status status="PASS" starttime="20190814 12:06:17.330" endtime="20190814 12:06:17.330"></status>
</kw>
<test id="s1-t1" name="MySecondTest">
<kw name="Log" library="BuiltIn" type="setup">
<doc>Logs the given message with the given level.</doc>
<arguments>
<arg>this will run for every test</arg>
</arguments>
<msg timestamp="20190814 12:06:17.330" level="INFO">this will run for every test</msg>
<status status="PASS" starttime="20190814 12:06:17.330" endtime="20190814 12:06:17.330"></status>
</kw>
<kw name="Log" library="BuiltIn">
<doc>Logs the given message with the given level.</doc>
<arguments>
<arg>In second test</arg>
</arguments>
<msg timestamp="20190814 12:06:17.330" level="INFO">In second test</msg>
<status status="PASS" starttime="20190814 12:06:17.330" endtime="20190814 12:06:17.330"></status>
</kw>
<kw name="Set Tags" library="BuiltIn">
<doc>Adds given ``tags`` for the current test or all tests in a suite.</doc>
<arguments>
<arg>Regression1</arg>
</arguments>
<msg timestamp="20190814 12:06:17.334" level="INFO">Set tag 'Regression1'.</msg>
<status status="PASS" starttime="20190814 12:06:17.330" endtime="20190814 12:06:17.334"></status>
</kw>
<kw name="Remove Tags" library="BuiltIn">
<doc>Removes given ``tags`` from the current test or all tests in a suite.</doc>
<arguments>
<arg>Regression1</arg>
</arguments>
<msg timestamp="20190814 12:06:17.334" level="INFO">Removed tag 'Regression1'.</msg>
<status status="PASS" starttime="20190814 12:06:17.334" endtime="20190814 12:06:17.334"></status>
</kw>
<kw name="Log" library="BuiltIn" type="teardown">
<doc>Logs the given message with the given level.</doc>
<arguments>
<arg>this will run after every test</arg>
</arguments>
<msg timestamp="20190814 12:06:17.334" level="INFO">this will run after every test</msg>
<status status="PASS" starttime="20190814 12:06:17.334" endtime="20190814 12:06:17.334"></status>
</kw>
<tags>
<tag>Sanity</tag>
</tags>
<status status="PASS" starttime="20190814 12:06:17.330" endtime="20190814 12:06:17.334" critical="yes"></status>
</test>
<test id="s1-t2" name="MyThirdTest">
<kw name="Log" library="BuiltIn" type="setup">
<doc>Logs the given message with the given level.</doc>
<arguments>
<arg>this will run for every test</arg>
</arguments>
<msg timestamp="20190814 12:06:17.338" level="INFO">this will run for every test</msg>
<status status="PASS" starttime="20190814 12:06:17.338" endtime="20190814 12:06:17.338"></status>
</kw>
<kw name="Log" library="BuiltIn">
<doc>Logs the given message with the given level.</doc>
<arguments>
<arg>in third test</arg>
</arguments>
<msg timestamp="20190814 12:06:17.338" level="INFO">in third test</msg>
<status status="PASS" starttime="20190814 12:06:17.338" endtime="20190814 12:06:17.338"></status>
</kw>
<kw name="Log" library="BuiltIn" type="teardown">
<doc>Logs the given message with the given level.</doc>
<arguments>
<arg>this will run after every test</arg>
</arguments>
<msg timestamp="20190814 12:06:17.342" level="INFO">this will run after every test</msg>
<status status="PASS" starttime="20190814 12:06:17.342" endtime="20190814 12:06:17.342"></status>
</kw>
<tags>
<tag>Sanity</tag>
</tags>
<status status="PASS" starttime="20190814 12:06:17.334" endtime="20190814 12:06:17.342" critical="yes"></status>
</test>
<kw name="Log" library="BuiltIn" type="teardown">
<doc>Logs the given message with the given level.</doc>
<arguments>
<arg>this will run one time after suite</arg>
</arguments>
<msg timestamp="20190814 12:06:17.342" level="INFO">this will run one time after suite</msg>
<status status="PASS" starttime="20190814 12:06:17.342" endtime="20190814 12:06:17.342"></status>
</kw>
<status status="PASS" starttime="20190814 12:06:16.762" endtime="20190814 12:06:17.342"></status>
</suite>
<statistics>
<total>
<stat pass="2" fail="0">Critical Tests</stat>
<stat pass="2" fail="0">All Tests</stat>
</total>
<tag>
<stat pass="2" fail="0">Sanity</stat>
</tag>
<suite>
<stat pass="2" fail="0" id="s1" name="MyFirsttest">MyFirsttest</stat>
</suite>
</statistics>
<errors>
</errors>
</robot>
